d:\kpo\compiler\idi-2022\debug\vc143.pdb
d:\kpo\compiler\idi-2022\debug\vc143.idb
d:\kpo\compiler\idi-2022\debug\semanticanaliz.obj
d:\kpo\compiler\idi-2022\debug\polishnotation.obj
d:\kpo\compiler\idi-2022\debug\parm.obj
d:\kpo\compiler\idi-2022\debug\mfst.obj
d:\kpo\compiler\idi-2022\debug\lt.obj
d:\kpo\compiler\idi-2022\debug\log.obj
d:\kpo\compiler\idi-2022\debug\lexanaliz.obj
d:\kpo\compiler\idi-2022\debug\it.obj
d:\kpo\compiler\idi-2022\debug\in.obj
d:\kpo\compiler\idi-2022\debug\idi-2022.obj
d:\kpo\compiler\idi-2022\debug\grb.obj
d:\kpo\compiler\idi-2022\debug\generator.obj
d:\kpo\compiler\idi-2022\debug\fst.obj
d:\kpo\compiler\idi-2022\debug\error.obj
d:\kpo\compiler\idi-2022\debug\idi-2022.exe
d:\kpo\compiler\idi-2022\debug\idi-2022.ilk
d:\kpo\compiler\idi-2022\debug\idi-2022.pdb
d:\kpo\compiler\idi-2022\debug\idi_lib.idb
d:\kpo\compiler\idi-2022\debug\idi_assembler.pdb
d:\kpo\compiler\idi-2022\debug\idi_lib.pdb
d:\kpo\compiler\idi-2022\debug\idi-2022.tlog\cl.command.1.tlog
d:\kpo\compiler\idi-2022\debug\idi-2022.tlog\cl.read.1.tlog
d:\kpo\compiler\idi-2022\debug\idi-2022.tlog\cl.write.1.tlog
d:\kpo\compiler\idi-2022\debug\idi-2022.tlog\link.command.1.tlog
d:\kpo\compiler\idi-2022\debug\idi-2022.tlog\link.read.1.tlog
d:\kpo\compiler\idi-2022\debug\idi-2022.tlog\link.write.1.tlog
